2023-03-29T11:54:35.730+02:00  INFO 5364 --- [main] c.o.s.SafetynetalertApplication          : Starting SafetynetalertApplication using Java 19.0.2 with PID 5364 (E:\OpenClassrooms\P5\Livrables\En cours\safetynetalert\target\classes started by chuba in E:\OpenClassrooms\P5\Livrables\En cours\safetynetalert)
2023-03-29T11:54:35.732+02:00  INFO 5364 --- [main] c.o.s.SafetynetalertApplication          : No active profile set, falling back to 1 default profile: "default"
2023-03-29T11:54:36.312+02:00  INFO 5364 --- [main] o.s.b.w.embedded.tomcat.TomcatWebServer  : Tomcat initialized with port(s): 8080 (http)
2023-03-29T11:54:36.318+02:00  INFO 5364 --- [main] o.apache.catalina.core.StandardService   : Starting service [Tomcat]
2023-03-29T11:54:36.319+02:00  INFO 5364 --- [main] o.apache.catalina.core.StandardEngine    : Starting Servlet engine: [Apache Tomcat/10.1.5]
2023-03-29T11:54:36.386+02:00  INFO 5364 --- [main] o.a.c.c.C.[Tomcat].[localhost].[/]       : Initializing Spring embedded WebApplicationContext
2023-03-29T11:54:36.386+02:00  INFO 5364 --- [main] w.s.c.ServletWebServerApplicationContext : Root WebApplicationContext: initialization completed in 622 ms
2023-03-29T11:54:36.449+02:00  INFO 5364 --- [main] c.o.s.r.impl.DataRepositoryImpl          : File address = E:\OpenClassrooms\P5\Livrables\En cours\safetynetalert\target\classes\data.json
2023-03-29T11:54:36.680+02:00  INFO 5364 --- [main] o.s.b.w.embedded.tomcat.TomcatWebServer  : Tomcat started on port(s): 8080 (http) with context path ''
2023-03-29T11:54:36.685+02:00  INFO 5364 --- [main] c.o.s.SafetynetalertApplication          : Started SafetynetalertApplication in 1.252 seconds (process running for 1.679)
2023-03-29T11:54:40.556+02:00  INFO 5364 --- [http-nio-8080-exec-3] o.a.c.c.C.[Tomcat].[localhost].[/]       : Initializing Spring DispatcherServlet 'dispatcherServlet'
2023-03-29T11:54:40.556+02:00  INFO 5364 --- [http-nio-8080-exec-3] o.s.web.servlet.DispatcherServlet        : Initializing Servlet 'dispatcherServlet'
2023-03-29T11:54:40.556+02:00  INFO 5364 --- [http-nio-8080-exec-3] o.s.web.servlet.DispatcherServlet        : Completed initialization in 0 ms
2023-03-29T11:54:40.563+02:00  INFO 5364 --- [http-nio-8080-exec-3] c.o.safetynetalert.log.LoggingFilter     : REQUEST : METHOD=GET; REQUESTURI=/phoneAlert; PARAMETERS=firestation=2; REQUEST PAYLOAD=;  
2023-03-29T11:54:40.600+02:00  INFO 5364 --- [http-nio-8080-exec-3] c.o.safetynetalert.log.LoggingFilter     : FINISHED PROCESSING : RESPONSE CODE=200; RESPONSE=[{"phone":"841-874-6513"},{"phone":"841-874-7878"},{"phone":"841-874-7512"},{"phone":"841-874-7512"},{"phone":"841-874-7458"}]; TIME TAKEN=36
2023-03-29T11:54:59.216+02:00  INFO 5364 --- [http-nio-8080-exec-2] c.o.safetynetalert.log.LoggingFilter     : REQUEST : METHOD=GET; REQUESTURI=/flood/stations; PARAMETERS=stations=1,2; REQUEST PAYLOAD=;  
2023-03-29T11:54:59.223+02:00  INFO 5364 --- [http-nio-8080-exec-2] c.o.safetynetalert.log.LoggingFilter     : FINISHED PROCESSING : RESPONSE CODE=200; RESPONSE=[{"address":"644 Gershwin Cir","floodPersonDTOList":[{"firstName":"Peter","lastName":"Duncan","phone":"841-874-6512","age":22,"medications":[],"allergies":["shellfish"]}]},{"address":"908 73rd St","floodPersonDTOList":[{"firstName":"Reginold","lastName":"Walker","phone":"841-874-8547","age":43,"medications":["thradox:700mg"],"allergies":["illisoxian"]},{"firstName":"Jamie","lastName":"Peters","phone":"841-874-7462","age":41,"medications":[],"allergies":[]}]},{"address":"947 E. Rose Dr","floodPersonDTOList":[{"firstName":"Brian","lastName":"Stelzer","phone":"841-874-7784","age":47,"medications":["ibupurin:200mg","hydrapermazol:400mg"],"allergies":["nillacilan"]},{"firstName":"Shawna","lastName":"Stelzer","phone":"841-874-7784","age":42,"medications":[],"allergies":[]},{"firstName":"Kendrik","lastName":"Stelzer","phone":"841-874-7784","age":9,"medications":["noxidian:100mg","pharmacol:2500mg"],"allergies":[]}]},{"address":"29 15th St","floodPersonDTOList":[{"firstName":"Jonanathan","lastName":"Marrack","phone":"841-874-6513","age":34,"medications":[],"allergies":[]}]},{"address":"892 Downing Ct","floodPersonDTOList":[{"firstName":"Sophia","lastName":"Zemicks","phone":"841-874-7878","age":35,"medications":["aznol:60mg","hydrapermazol:900mg","pharmacol:5000mg","terazine:500mg"],"allergies":["peanut","shellfish","aznol"]},{"firstName":"Warren","lastName":"Zemicks","phone":"841-874-7512","age":38,"medications":[],"allergies":[]},{"firstName":"Zach","lastName":"Zemicks","phone":"841-874-7512","age":6,"medications":[],"allergies":[]}]},{"address":"951 LoneTree Rd","floodPersonDTOList":[{"firstName":"Eric","lastName":"Cadigan","phone":"841-874-7458","age":77,"medications":["tradoxidine:400mg"],"allergies":[]}]}]; TIME TAKEN=7
2023-03-29T11:55:08.943+02:00  INFO 5364 --- [http-nio-8080-exec-4] c.o.safetynetalert.log.LoggingFilter     : REQUEST : METHOD=GET; REQUESTURI=/childAlert; PARAMETERS=address=1509%20Culver%20St; REQUEST PAYLOAD=;  
2023-03-29T11:55:08.949+02:00  INFO 5364 --- [http-nio-8080-exec-4] c.o.safetynetalert.log.LoggingFilter     : FINISHED PROCESSING : RESPONSE CODE=200; RESPONSE={"minorPersonDTOList":[{"firstName":"Tenley","lastName":"Boyd","age":11},{"firstName":"Roger","lastName":"Boyd","age":5}],"majorPersonDTOList":[{"firstName":"John","lastName":"Boyd"},{"firstName":"Jacob","lastName":"Boyd"},{"firstName":"Felicia","lastName":"Boyd"}]}; TIME TAKEN=6
2023-03-29T11:55:21.500+02:00  INFO 12096 --- [main] c.o.s.SafetynetalertApplication          : Starting SafetynetalertApplication using Java 19.0.2 with PID 12096 (E:\OpenClassrooms\P5\Livrables\En cours\safetynetalert\target\classes started by chuba in E:\OpenClassrooms\P5\Livrables\En cours\safetynetalert)
2023-03-29T11:55:21.502+02:00  INFO 12096 --- [main] c.o.s.SafetynetalertApplication          : No active profile set, falling back to 1 default profile: "default"
2023-03-29T11:55:22.084+02:00  INFO 12096 --- [main] o.s.b.w.embedded.tomcat.TomcatWebServer  : Tomcat initialized with port(s): 8080 (http)
2023-03-29T11:55:22.091+02:00  INFO 12096 --- [main] o.apache.catalina.core.StandardService   : Starting service [Tomcat]
2023-03-29T11:55:22.091+02:00  INFO 12096 --- [main] o.apache.catalina.core.StandardEngine    : Starting Servlet engine: [Apache Tomcat/10.1.5]
2023-03-29T11:55:22.157+02:00  INFO 12096 --- [main] o.a.c.c.C.[Tomcat].[localhost].[/]       : Initializing Spring embedded WebApplicationContext
2023-03-29T11:55:22.157+02:00  INFO 12096 --- [main] w.s.c.ServletWebServerApplicationContext : Root WebApplicationContext: initialization completed in 623 ms
2023-03-29T11:55:22.220+02:00  INFO 12096 --- [main] c.o.s.r.impl.DataRepositoryImpl          : File address = E:\OpenClassrooms\P5\Livrables\En cours\safetynetalert\target\classes\data.json
2023-03-29T11:55:22.444+02:00  INFO 12096 --- [main] o.s.b.w.embedded.tomcat.TomcatWebServer  : Tomcat started on port(s): 8080 (http) with context path ''
2023-03-29T11:55:22.450+02:00  INFO 12096 --- [main] c.o.s.SafetynetalertApplication          : Started SafetynetalertApplication in 1.316 seconds (process running for 1.754)
